<?xml version="1.0" encoding="UTF-8"?>
<!-- Generated by org.testng.reporters.JUnitXMLReporter -->
<testsuite hostname="DESKTOP-HG4V99U" ignored="0" name="Surefire test" tests="6" failures="0" timestamp="2019-11-01T13:59:13 MSK" time="144.563" errors="0">
  <testcase name="createAndDeleteFolder" time="11.936" classname="yandexTests.TestCreateAndDeleteFolder"/>
  <testcase name="createFolderWithFileAndDeleteBoth" time="26.813" classname="yandexTests.TestCreateFolderWithFileAndDeleteBoth"/>
  <testcase name="embeddedFolders1" time="19.9" classname="yandexTests.TestEmbeddedFolders1"/>
  <testcase name="embeddedFolders2" time="18.375" classname="yandexTests.TestEmbeddedFolders2"/>
  <testcase name="getUserDiskInfo" time="40.527" classname="yandexTests.TestGetUserDiskInfo"/>
  <testcase name="moveToTrashAndRestoreFolderWithFile" time="26.461" classname="yandexTests.TestMoveToTrashAndRestoreFolderWithFile"/>
</testsuite> <!-- Surefire test -->
