<?xml version="1.0" encoding="UTF-8"?>
<!-- Generated by org.testng.reporters.JUnitXMLReporter -->
<testsuite hostname="DESKTOP-HG4V99U" ignored="0" name="Surefire test" tests="6" failures="0" timestamp="2019-10-31T13:57:30 MSK" time="161.76" errors="0">
  <testcase name="createAndDeleteFolder" time="7.716" classname="yandexTests.TestCreateAndDeleteFolder"/>
  <testcase name="createFolderWithFileAndDeleteBoth" time="27.988" classname="yandexTests.TestCreateFolderWithFileAndDeleteBoth"/>
  <testcase name="embeddedFolders1" time="18.666" classname="yandexTests.TestEmbeddedFolders1"/>
  <testcase name="embeddedFolders2" time="17.749" classname="yandexTests.TestEmbeddedFolders2"/>
  <testcase name="getUserDiskInfo" time="51.621" classname="yandexTests.TestGetUserDiskInfo"/>
  <testcase name="moveToTrashAndRestoreFolderWithFile" time="37.772" classname="yandexTests.TestMoveToTrashAndRestoreFolderWithFile"/>
</testsuite> <!-- Surefire test -->
