-------------------------------------------------------------------------------
Test set: TestSuite
-------------------------------------------------------------------------------
Tests run: 6, Failures: 1, Errors: 0, Skipped: 0, Time elapsed: 115.477 s <<< FAILURE! - in TestSuite
createAndDeleteFolder(yandexTests.TestCreateAndDeleteFolder)  Time elapsed: 5.77 s  <<< FAILURE!
java.lang.AssertionError: expected [409] but found [201]
	at yandexTests.TestCreateAndDeleteFolder.createAndDeleteFolder(TestCreateAndDeleteFolder.java:28)

