<?xml version="1.0" encoding="UTF-8"?>
<testsuite xmlns:xsi="http://www.w3.org/2001/XMLSchema-instance" xsi:noNamespaceSchemaLocation="https://maven.apache.org/surefire/maven-surefire-plugin/xsd/surefire-test-report.xsd" name="TestSuite" time="159.953" tests="6" errors="0" skipped="0" failures="0">
  <properties>
[...]
</properties>
  <testcase name="createAndDeleteFolder" classname="yandexTests.TestCreateAndDeleteFolder" time="7.774"/>
  <testcase name="createFolderWithFileAndDeleteBoth" classname="yandexTests.TestCreateFolderWithFileAndDeleteBoth" time="25.136"/>
  <testcase name="embeddedFolders1" classname="yandexTests.TestEmbeddedFolders1" time="18.997"/>
  <testcase name="embeddedFolders2" classname="yandexTests.TestEmbeddedFolders2" time="17.76"/>
  <testcase name="getUserDiskInfo" classname="yandexTests.TestGetUserDiskInfo" time="51.858"/>
  <testcase name="moveToTrashAndRestoreFolderWithFile" classname="yandexTests.TestMoveToTrashAndRestoreFolderWithFile" time="35.97"/>
</testsuite>