<?xml version="1.0" encoding="UTF-8"?>
<testng-results skipped="0" failed="0" ignored="0" total="6" passed="6">
  <reporter-output>
  </reporter-output>
  <suite name="Surefire suite" duration-ms="157817" started-at="2019-10-31T12:05:55 MSK" finished-at="2019-10-31T12:08:33 MSK">
    <groups>
    </groups>
    <test name="Surefire test" duration-ms="157817" started-at="2019-10-31T12:05:55 MSK" finished-at="2019-10-31T12:08:33 MSK">
      <class name="yandexTests.TestEmbeddedFolders2">
        <test-method status="PASS" signature="embeddedFolders2()[pri:0, instance:yandexTests.TestEmbeddedFolders2@47605f2f]" name="embeddedFolders2" duration-ms="17760" started-at="2019-10-31T12:06:47 MSK" description="Create folder, embedded folder and file within. Move items to trash and clear trash." finished-at="2019-10-31T12:07:05 MSK">
          <reporter-output>
          </reporter-output>
        </test-method> <!-- embeddedFolders2 -->
      </class> <!-- yandexTests.TestEmbeddedFolders2 -->
      <class name="yandexTests.TestEmbeddedFolders1">
        <test-method status="PASS" signature="embeddedFolders1()[pri:0, instance:yandexTests.TestEmbeddedFolders1@388ba540]" name="embeddedFolders1" duration-ms="18997" started-at="2019-10-31T12:06:28 MSK" description="Create folder, embedded folder and file within. Get meta data and delete items." finished-at="2019-10-31T12:06:47 MSK">
          <reporter-output>
          </reporter-output>
        </test-method> <!-- embeddedFolders1 -->
      </class> <!-- yandexTests.TestEmbeddedFolders1 -->
      <class name="yandexTests.TestMoveToTrashAndRestoreFolderWithFile">
        <test-method status="PASS" signature="moveToTrashAndRestoreFolderWithFile()[pri:0, instance:yandexTests.TestMoveToTrashAndRestoreFolderWithFile@1dd0e7c4]" name="moveToTrashAndRestoreFolderWithFile" duration-ms="35970" started-at="2019-10-31T12:07:57 MSK" description="Create folder and file within. Move file to trash and restore back." finished-at="2019-10-31T12:08:33 MSK">
          <reporter-output>
          </reporter-output>
        </test-method> <!-- moveToTrashAndRestoreFolderWithFile -->
      </class> <!-- yandexTests.TestMoveToTrashAndRestoreFolderWithFile -->
      <class name="yandexTests.TestCreateAndDeleteFolder">
        <test-method status="PASS" signature="createAndDeleteFolder()[pri:0, instance:yandexTests.TestCreateAndDeleteFolder@2c88b9fc]" name="createAndDeleteFolder" duration-ms="7775" started-at="2019-10-31T12:05:55 MSK" description="Create and delete folder." finished-at="2019-10-31T12:06:03 MSK">
          <reporter-output>
          </reporter-output>
        </test-method> <!-- createAndDeleteFolder -->
      </class> <!-- yandexTests.TestCreateAndDeleteFolder -->
      <class name="yandexTests.TestCreateFolderWithFileAndDeleteBoth">
        <test-method status="PASS" signature="createFolderWithFileAndDeleteBoth()[pri:0, instance:yandexTests.TestCreateFolderWithFileAndDeleteBoth@64dafeed]" name="createFolderWithFileAndDeleteBoth" duration-ms="25139" started-at="2019-10-31T12:06:03 MSK" description="Create folder and file within, delete both." finished-at="2019-10-31T12:06:28 MSK">
          <reporter-output>
          </reporter-output>
        </test-method> <!-- createFolderWithFileAndDeleteBoth -->
      </class> <!-- yandexTests.TestCreateFolderWithFileAndDeleteBoth -->
      <class name="yandexTests.TestGetUserDiskInfo">
        <test-method status="PASS" signature="getUserDiskInfo()[pri:0, instance:yandexTests.TestGetUserDiskInfo@2ece4966]" name="getUserDiskInfo" duration-ms="51859" started-at="2019-10-31T12:07:05 MSK" description="Move files to trash, get trash size before and after." finished-at="2019-10-31T12:07:57 MSK">
          <reporter-output>
          </reporter-output>
        </test-method> <!-- getUserDiskInfo -->
      </class> <!-- yandexTests.TestGetUserDiskInfo -->
    </test> <!-- Surefire test -->
  </suite> <!-- Surefire suite -->
</testng-results>
